\BOOKMARK [0][-]{section*.2}{Sum\341rio}{}% 1
\BOOKMARK [0][-]{chapter.1}{Introdu\347\343o}{}% 2
\BOOKMARK [0][-]{chapter.2}{Justificativa}{}% 3
\BOOKMARK [0][-]{chapter.3}{Objetivos}{}% 4
\BOOKMARK [0][-]{chapter.4}{Metodologia}{}% 5
\BOOKMARK [1][-]{section.4.1}{Identifica\347\343o do Problema}{chapter.4}% 6
\BOOKMARK [1][-]{section.4.2}{Pr\351-Processamento}{chapter.4}% 7
\BOOKMARK [1][-]{section.4.3}{Extra\347\343o de Padr\365es}{chapter.4}% 8
\BOOKMARK [1][-]{section.4.4}{P\363s Processamento}{chapter.4}% 9
\BOOKMARK [0][-]{chapter.5}{Fundamenta\347\343o Te\363rica}{}% 10
\BOOKMARK [1][-]{section.5.1}{Pr\351-Processamento}{chapter.5}% 11
\BOOKMARK [2][-]{subsection.5.1.1}{Identifica\347\343o de Termos}{section.5.1}% 12
\BOOKMARK [3][-]{subsubsection.5.1.1.1}{Identifica\347\343o de Termos Simples}{subsection.5.1.1}% 13
\BOOKMARK [3][-]{subsubsection.5.1.1.2}{Identifica\347\343o de Termos Compostos}{subsection.5.1.1}% 14
\BOOKMARK [2][-]{subsection.5.1.2}{Stopwords}{section.5.1}% 15
\BOOKMARK [2][-]{subsection.5.1.3}{Stemming}{section.5.1}% 16
\BOOKMARK [1][-]{section.5.2}{Extra\347\343o de Padr\365es}{chapter.5}% 17
\BOOKMARK [2][-]{subsection.5.2.1}{Keywords}{section.5.2}% 18
\BOOKMARK [3][-]{subsubsection.5.2.1.1}{Frequ\352ncia Absoluta}{subsection.5.2.1}% 19
\BOOKMARK [3][-]{subsubsection.5.2.1.2}{Frequ\352ncia Relativa}{subsection.5.2.1}% 20
\BOOKMARK [3][-]{subsubsection.5.2.1.3}{Frequ\352ncia Inversa de Documentos}{subsection.5.2.1}% 21
\BOOKMARK [0][-]{chapter.6}{Cronograma}{}% 22
\BOOKMARK [0][-]{chapter.7}{Refer\352ncias}{}% 23
